
$ [32mgit clone git@localhost:gocd/developer.go.cd .[0m
Cloning into '.'...
Warning: Permanently added 'localhost' (RSA) to the list of known hosts.
Command [32mgit clone git@localhost:gocd/developer.go.cd .[0m exited successfully with status 0.
Took 2.68 seconds.

$ [32mgit checkout master[0m
Already on 'master'
Your branch is up-to-date with 'origin/master'.
Command [32mgit checkout master[0m exited successfully with status 0.
Took 0.03871 seconds.

$ [32mgit reset --hard ab04b203c9fc99d9420c99b137990828cc2fcd9c[0m
HEAD is now at ab04b20 Do not push to s3 anymore
Command [32mgit reset --hard ab04b203c9fc99d9420c99b137990828cc2fcd9c[0m exited successfully with status 0.
Took 0.04722 seconds.

$ [32mgit submodule update --init --recursive[0m
Command [32mgit submodule update --init --recursive[0m exited successfully with status 0.
Took 0.05701 seconds.

$ export SNAP_CI=true
$ export CI=true
$ export SNAP_CACHE_DIR=/var/go
$ export LANG=en_US.UTF-8
$ export LC_ALL=en_US.UTF-8
$ export SNAP_WORKING_DIR=/var/snap-ci/repo
$ export SNAP_PIPELINE_COUNTER=38
$ export SNAP_STAGE_NAME=Build
$ export SNAP_BRANCH=master
$ export SNAP_COMMIT=ab04b203c9fc99d9420c99b137990828cc2fcd9c
$ export SNAP_COMMIT_SHORT=ab04b20
$ export SNAP_TRACKING_PIPELINE=true
$ export SNAP_INTEGRATION_PIPELINE=false

$ [32mif [ -f $HOME/.npmrc ]; then sed -e '/^prefix=/d' -i ~/.npmrc; fi[0m
Command [32mif [ -f $HOME/.npmrc ]; then sed -e '/^prefix=/d' -i ~/.npmrc; fi[0m exited successfully with status 0.
Took 0.00132 seconds.

$ [32mnvm install v4.4.3 2>/dev/null[0m
Now using node v4.4.3 (npm v2.15.1)
Command [32mnvm install v4.4.3 2>/dev/null[0m exited successfully with status 0.
Took 3.58 seconds.

$ [32mif [ -d ${SNAP_CACHE_DIR}/node_modules ]; then sudo mv -f ${SNAP_CACHE_DIR}/node_modules .; sudo chown -R --no-dereference go:go node_modules; fi[0m
Command [32mif [ -d ${SNAP_CACHE_DIR}/node_modules ]; then sudo mv -f ${SNAP_CACHE_DIR}/node_modules .; sudo chown -R --no-dereference go:go node_modules; fi[0m exited successfully with status 0.
Took 0.04354 seconds.

$ [32mrake build[0m
npm prune
unbuild gitbook-plugin-collapsible-menu@1.0.2
unbuild gitbook-plugin-ga@0.2.1
unbuild gitbook-plugin-redirect@0.0.7
unbuild gitbook-plugin-anchors@0.4.0
npm install
npm run-script init-gitbook

> gocd-docs@1.0.0 init-gitbook /var/snap-ci/repo
> gitbook install

[0;36minfo:[0m 4 plugins to install 
[0;36minfo:[0m No version specified, resolve plugin anchors 
[0;36minfo:[0m install plugin anchors from npm (gitbook-plugin-anchors) with version 0.4.0 
gitbook-plugin-anchors@0.4.0 node_modules/gitbook-plugin-anchors
├── underscore@1.8.3
└── cheerio@0.22.0 (lodash.pick@4.4.0, lodash.assignin@4.2.0, lodash.foreach@4.5.0, lodash.flatten@4.4.0, lodash.defaults@4.2.0, lodash.bind@4.2.1, lodash.map@4.6.0, lodash.some@4.6.0, lodash.merge@4.6.0, lodash.filter@4.6.0, lodash.reduce@4.6.0, lodash.reject@4.6.0, dom-serializer@0.1.0, entities@1.1.1, css-select@1.2.0, htmlparser2@3.9.2)
[0;36minfo:[0m [0;32m>> [0mplugin anchors installed with success 
[0;36minfo:[0m No version specified, resolve plugin ga 
[0;36minfo:[0m install plugin ga from npm (gitbook-plugin-ga) with version 0.2.1 
gitbook-plugin-ga@0.2.1 node_modules/gitbook-plugin-ga
[0;36minfo:[0m [0;32m>> [0mplugin ga installed with success 
[0;36minfo:[0m install plugin redirect from npm (gitbook-plugin-redirect) with version 0.0.7 
gitbook-plugin-redirect@0.0.7 node_modules/gitbook-plugin-redirect
└── valid-url@1.0.9
[0;36minfo:[0m [0;32m>> [0mplugin redirect installed with success 
[0;36minfo:[0m No version specified, resolve plugin collapsible-menu 
[0;36minfo:[0m install plugin collapsible-menu from npm (gitbook-plugin-collapsible-menu) with version 1.0.2 
gitbook-plugin-collapsible-menu@1.0.2 node_modules/gitbook-plugin-collapsible-menu
[0;36minfo:[0m [0;32m>> [0mplugin collapsible-menu installed with success 

[0;32mDone, without error[0m
npm run-script build

> gocd-docs@1.0.0 build /var/snap-ci/repo
> gitbook build .

[0;36minfo:[0m loading book configuration....[0;32mOK[0m 
[0;36minfo:[0m load plugin gitbook-plugin-anchors ....
[0;33mwarn:[0m Hook 'page 'used by plugin 'gitbook-plugin-anchors' has been removed or is deprecated 
[0;36minfo:[0m [0;32mOK[0m 
[0;36minfo:[0m load plugin gitbook-plugin-ga ....[0;32mOK[0m 
[0;36minfo:[0m load plugin gitbook-plugin-redirect ....
[0;33mwarn:[0m Hook 'page:before 'used by plugin 'gitbook-plugin-redirect' has been removed or is deprecated 
[0;36minfo:[0m [0;32mOK[0m 
[0;36minfo:[0m load plugin gitbook-plugin-collapsible-menu ....[0;32mOK[0m 
[0;36minfo:[0m [0;32m>> [0m4 plugins loaded 
[0;36minfo:[0m start generation with website generator 
[0;36minfo:[0m clean website generator[0;32mOK[0m 
[0;33mwarn:[0m hook 'page:before' used by plugin 'gitbook-plugin-redirect' is deprecated, and will be removed in the coming versions 
[0;33mwarn:[0m hook 'page' used by plugin 'gitbook-plugin-anchors' is deprecated, and will be removed in the coming versions 
[0;33mwarn:[0m hook 'page:before' used by plugin 'gitbook-plugin-redirect' is deprecated, and will be removed in the coming versions 
[0;33mwarn:[0m hook 'page' used by plugin 'gitbook-plugin-anchors' is deprecated, and will be removed in the coming versions 
[0;33mwarn:[0m hook 'page:before' used by plugin 'gitbook-plugin-redirect' is deprecated, and will be removed in the coming versions 
[0;33mwarn:[0m hook 'page' used by plugin 'gitbook-plugin-anchors' is deprecated, and will be removed in the coming versions 
[0;33mwarn:[0m hook 'page:before' used by plugin 'gitbook-plugin-redirect' is deprecated, and will be removed in the coming versions 
[0;33mwarn:[0m hook 'page' used by plugin 'gitbook-plugin-anchors' is deprecated, and will be removed in the coming versions 
[0;33mwarn:[0m hook 'page:before' used by plugin 'gitbook-plugin-redirect' is deprecated, and will be removed in the coming versions 
[0;33mwarn:[0m hook 'page' used by plugin 'gitbook-plugin-anchors' is deprecated, and will be removed in the coming versions 
[0;33mwarn:[0m hook 'page:before' used by plugin 'gitbook-plugin-redirect' is deprecated, and will be removed in the coming versions 
[0;33mwarn:[0m hook 'page' used by plugin 'gitbook-plugin-anchors' is deprecated, and will be removed in the coming versions 
[0;33mwarn:[0m hook 'page:before' used by plugin 'gitbook-plugin-redirect' is deprecated, and will be removed in the coming versions 
[0;33mwarn:[0m hook 'page' used by plugin 'gitbook-plugin-anchors' is deprecated, and will be removed in the coming versions 
[0;33mwarn:[0m hook 'page:before' used by plugin 'gitbook-plugin-redirect' is deprecated, and will be removed in the coming versions 
[0;33mwarn:[0m hook 'page' used by plugin 'gitbook-plugin-anchors' is deprecated, and will be removed in the coming versions 
[0;33mwarn:[0m hook 'page:before' used by plugin 'gitbook-plugin-redirect' is deprecated, and will be removed in the coming versions 
[0;33mwarn:[0m hook 'page' used by plugin 'gitbook-plugin-anchors' is deprecated, and will be removed in the coming versions 
[0;33mwarn:[0m hook 'page:before' used by plugin 'gitbook-plugin-redirect' is deprecated, and will be removed in the coming versions 
[0;33mwarn:[0m hook 'page' used by plugin 'gitbook-plugin-anchors' is deprecated, and will be removed in the coming versions 
[0;33mwarn:[0m hook 'page:before' used by plugin 'gitbook-plugin-redirect' is deprecated, and will be removed in the coming versions 
[0;33mwarn:[0m hook 'page' used by plugin 'gitbook-plugin-anchors' is deprecated, and will be removed in the coming versions 
[0;33mwarn:[0m hook 'page:before' used by plugin 'gitbook-plugin-redirect' is deprecated, and will be removed in the coming versions 
[0;33mwarn:[0m hook 'page' used by plugin 'gitbook-plugin-anchors' is deprecated, and will be removed in the coming versions 
[0;33mwarn:[0m hook 'page:before' used by plugin 'gitbook-plugin-redirect' is deprecated, and will be removed in the coming versions 
[0;33mwarn:[0m hook 'page' used by plugin 'gitbook-plugin-anchors' is deprecated, and will be removed in the coming versions 
[0;33mwarn:[0m hook 'page:before' used by plugin 'gitbook-plugin-redirect' is deprecated, and will be removed in the coming versions 
[0;33mwarn:[0m hook 'page' used by plugin 'gitbook-plugin-anchors' is deprecated, and will be removed in the coming versions 
[0;33mwarn:[0m hook 'page:before' used by plugin 'gitbook-plugin-redirect' is deprecated, and will be removed in the coming versions 
[0;33mwarn:[0m hook 'page' used by plugin 'gitbook-plugin-anchors' is deprecated, and will be removed in the coming versions 
[0;33mwarn:[0m hook 'page:before' used by plugin 'gitbook-plugin-redirect' is deprecated, and will be removed in the coming versions 
[0;33mwarn:[0m hook 'page' used by plugin 'gitbook-plugin-anchors' is deprecated, and will be removed in the coming versions 
[0;33mwarn:[0m hook 'page:before' used by plugin 'gitbook-plugin-redirect' is deprecated, and will be removed in the coming versions 
[0;33mwarn:[0m hook 'page' used by plugin 'gitbook-plugin-anchors' is deprecated, and will be removed in the coming versions 
[0;33mwarn:[0m hook 'page:before' used by plugin 'gitbook-plugin-redirect' is deprecated, and will be removed in the coming versions 
[0;33mwarn:[0m hook 'page' used by plugin 'gitbook-plugin-anchors' is deprecated, and will be removed in the coming versions 
[0;33mwarn:[0m hook 'page:before' used by plugin 'gitbook-plugin-redirect' is deprecated, and will be removed in the coming versions 
[0;33mwarn:[0m hook 'page' used by plugin 'gitbook-plugin-anchors' is deprecated, and will be removed in the coming versions 
[0;33mwarn:[0m hook 'page:before' used by plugin 'gitbook-plugin-redirect' is deprecated, and will be removed in the coming versions 
[0;33mwarn:[0m hook 'page' used by plugin 'gitbook-plugin-anchors' is deprecated, and will be removed in the coming versions 
[0;33mwarn:[0m hook 'page:before' used by plugin 'gitbook-plugin-redirect' is deprecated, and will be removed in the coming versions 
[0;33mwarn:[0m hook 'page' used by plugin 'gitbook-plugin-anchors' is deprecated, and will be removed in the coming versions 
[0;33mwarn:[0m hook 'page:before' used by plugin 'gitbook-plugin-redirect' is deprecated, and will be removed in the coming versions 
[0;33mwarn:[0m hook 'page' used by plugin 'gitbook-plugin-anchors' is deprecated, and will be removed in the coming versions 
[0;33mwarn:[0m hook 'page:before' used by plugin 'gitbook-plugin-redirect' is deprecated, and will be removed in the coming versions 
[0;33mwarn:[0m hook 'page' used by plugin 'gitbook-plugin-anchors' is deprecated, and will be removed in the coming versions 
[0;33mwarn:[0m hook 'page:before' used by plugin 'gitbook-plugin-redirect' is deprecated, and will be removed in the coming versions 
[0;33mwarn:[0m hook 'page' used by plugin 'gitbook-plugin-anchors' is deprecated, and will be removed in the coming versions 
[0;33mwarn:[0m hook 'page:before' used by plugin 'gitbook-plugin-redirect' is deprecated, and will be removed in the coming versions 
[0;33mwarn:[0m hook 'page' used by plugin 'gitbook-plugin-anchors' is deprecated, and will be removed in the coming versions 
[0;33mwarn:[0m hook 'page:before' used by plugin 'gitbook-plugin-redirect' is deprecated, and will be removed in the coming versions 
[0;33mwarn:[0m hook 'page' used by plugin 'gitbook-plugin-anchors' is deprecated, and will be removed in the coming versions 
[0;33mwarn:[0m hook 'page:before' used by plugin 'gitbook-plugin-redirect' is deprecated, and will be removed in the coming versions 
[0;33mwarn:[0m hook 'page' used by plugin 'gitbook-plugin-anchors' is deprecated, and will be removed in the coming versions 
[0;33mwarn:[0m hook 'page:before' used by plugin 'gitbook-plugin-redirect' is deprecated, and will be removed in the coming versions 
[0;33mwarn:[0m hook 'page' used by plugin 'gitbook-plugin-anchors' is deprecated, and will be removed in the coming versions 
[0;33mwarn:[0m hook 'page:before' used by plugin 'gitbook-plugin-redirect' is deprecated, and will be removed in the coming versions 
[0;33mwarn:[0m hook 'page' used by plugin 'gitbook-plugin-anchors' is deprecated, and will be removed in the coming versions 
[0;33mwarn:[0m hook 'page:before' used by plugin 'gitbook-plugin-redirect' is deprecated, and will be removed in the coming versions 
[0;33mwarn:[0m hook 'page' used by plugin 'gitbook-plugin-anchors' is deprecated, and will be removed in the coming versions 
[0;33mwarn:[0m hook 'page:before' used by plugin 'gitbook-plugin-redirect' is deprecated, and will be removed in the coming versions 
[0;33mwarn:[0m hook 'page' used by plugin 'gitbook-plugin-anchors' is deprecated, and will be removed in the coming versions 
[0;33mwarn:[0m hook 'page:before' used by plugin 'gitbook-plugin-redirect' is deprecated, and will be removed in the coming versions 
[0;33mwarn:[0m hook 'page' used by plugin 'gitbook-plugin-anchors' is deprecated, and will be removed in the coming versions 
[0;33mwarn:[0m hook 'page:before' used by plugin 'gitbook-plugin-redirect' is deprecated, and will be removed in the coming versions 
[0;33mwarn:[0m hook 'page' used by plugin 'gitbook-plugin-anchors' is deprecated, and will be removed in the coming versions 
[0;33mwarn:[0m hook 'page:before' used by plugin 'gitbook-plugin-redirect' is deprecated, and will be removed in the coming versions 
[0;33mwarn:[0m hook 'page' used by plugin 'gitbook-plugin-anchors' is deprecated, and will be removed in the coming versions 
[0;33mwarn:[0m hook 'page:before' used by plugin 'gitbook-plugin-redirect' is deprecated, and will be removed in the coming versions 
[0;33mwarn:[0m hook 'page' used by plugin 'gitbook-plugin-anchors' is deprecated, and will be removed in the coming versions 
[0;33mwarn:[0m hook 'page:before' used by plugin 'gitbook-plugin-redirect' is deprecated, and will be removed in the coming versions 
[0;33mwarn:[0m hook 'page' used by plugin 'gitbook-plugin-anchors' is deprecated, and will be removed in the coming versions 
[0;33mwarn:[0m hook 'page:before' used by plugin 'gitbook-plugin-redirect' is deprecated, and will be removed in the coming versions 
[0;33mwarn:[0m hook 'page' used by plugin 'gitbook-plugin-anchors' is deprecated, and will be removed in the coming versions 
[0;33mwarn:[0m hook 'page:before' used by plugin 'gitbook-plugin-redirect' is deprecated, and will be removed in the coming versions 
[0;33mwarn:[0m hook 'page' used by plugin 'gitbook-plugin-anchors' is deprecated, and will be removed in the coming versions 
[0;33mwarn:[0m hook 'page:before' used by plugin 'gitbook-plugin-redirect' is deprecated, and will be removed in the coming versions 
[0;33mwarn:[0m hook 'page' used by plugin 'gitbook-plugin-anchors' is deprecated, and will be removed in the coming versions 
[0;33mwarn:[0m hook 'page:before' used by plugin 'gitbook-plugin-redirect' is deprecated, and will be removed in the coming versions 
[0;33mwarn:[0m hook 'page' used by plugin 'gitbook-plugin-anchors' is deprecated, and will be removed in the coming versions 
[0;33mwarn:[0m hook 'page:before' used by plugin 'gitbook-plugin-redirect' is deprecated, and will be removed in the coming versions 
[0;33mwarn:[0m hook 'page' used by plugin 'gitbook-plugin-anchors' is deprecated, and will be removed in the coming versions 
[0;33mwarn:[0m hook 'page:before' used by plugin 'gitbook-plugin-redirect' is deprecated, and will be removed in the coming versions 
[0;33mwarn:[0m hook 'page' used by plugin 'gitbook-plugin-anchors' is deprecated, and will be removed in the coming versions 
[0;33mwarn:[0m hook 'page:before' used by plugin 'gitbook-plugin-redirect' is deprecated, and will be removed in the coming versions 
[0;33mwarn:[0m hook 'page' used by plugin 'gitbook-plugin-anchors' is deprecated, and will be removed in the coming versions 
[0;33mwarn:[0m hook 'page:before' used by plugin 'gitbook-plugin-redirect' is deprecated, and will be removed in the coming versions 
[0;33mwarn:[0m hook 'page' used by plugin 'gitbook-plugin-anchors' is deprecated, and will be removed in the coming versions 
[0;33mwarn:[0m hook 'page:before' used by plugin 'gitbook-plugin-redirect' is deprecated, and will be removed in the coming versions 
[0;33mwarn:[0m hook 'page' used by plugin 'gitbook-plugin-anchors' is deprecated, and will be removed in the coming versions 
[0;33mwarn:[0m hook 'page:before' used by plugin 'gitbook-plugin-redirect' is deprecated, and will be removed in the coming versions 
[0;33mwarn:[0m hook 'page' used by plugin 'gitbook-plugin-anchors' is deprecated, and will be removed in the coming versions 
[0;33mwarn:[0m hook 'page:before' used by plugin 'gitbook-plugin-redirect' is deprecated, and will be removed in the coming versions 
[0;33mwarn:[0m hook 'page' used by plugin 'gitbook-plugin-anchors' is deprecated, and will be removed in the coming versions 
[0;33mwarn:[0m hook 'page:before' used by plugin 'gitbook-plugin-redirect' is deprecated, and will be removed in the coming versions 
[0;33mwarn:[0m hook 'page' used by plugin 'gitbook-plugin-anchors' is deprecated, and will be removed in the coming versions 
[0;33mwarn:[0m hook 'page:before' used by plugin 'gitbook-plugin-redirect' is deprecated, and will be removed in the coming versions 
[0;33mwarn:[0m hook 'page' used by plugin 'gitbook-plugin-anchors' is deprecated, and will be removed in the coming versions 
[0;33mwarn:[0m hook 'page:before' used by plugin 'gitbook-plugin-redirect' is deprecated, and will be removed in the coming versions 
[0;33mwarn:[0m hook 'page' used by plugin 'gitbook-plugin-anchors' is deprecated, and will be removed in the coming versions 
[0;33mwarn:[0m hook 'page:before' used by plugin 'gitbook-plugin-redirect' is deprecated, and will be removed in the coming versions 
[0;33mwarn:[0m hook 'page' used by plugin 'gitbook-plugin-anchors' is deprecated, and will be removed in the coming versions 
[0;33mwarn:[0m hook 'page:before' used by plugin 'gitbook-plugin-redirect' is deprecated, and will be removed in the coming versions 
[0;33mwarn:[0m hook 'page' used by plugin 'gitbook-plugin-anchors' is deprecated, and will be removed in the coming versions 
[0;33mwarn:[0m hook 'page:before' used by plugin 'gitbook-plugin-redirect' is deprecated, and will be removed in the coming versions 
[0;33mwarn:[0m hook 'page' used by plugin 'gitbook-plugin-anchors' is deprecated, and will be removed in the coming versions 
[0;33mwarn:[0m hook 'page:before' used by plugin 'gitbook-plugin-redirect' is deprecated, and will be removed in the coming versions 
[0;33mwarn:[0m hook 'page' used by plugin 'gitbook-plugin-anchors' is deprecated, and will be removed in the coming versions 
[0;33mwarn:[0m hook 'page:before' used by plugin 'gitbook-plugin-redirect' is deprecated, and will be removed in the coming versions 
[0;33mwarn:[0m hook 'page' used by plugin 'gitbook-plugin-anchors' is deprecated, and will be removed in the coming versions 
[0;33mwarn:[0m hook 'page:before' used by plugin 'gitbook-plugin-redirect' is deprecated, and will be removed in the coming versions 
[0;33mwarn:[0m hook 'page' used by plugin 'gitbook-plugin-anchors' is deprecated, and will be removed in the coming versions 
[0;33mwarn:[0m hook 'page:before' used by plugin 'gitbook-plugin-redirect' is deprecated, and will be removed in the coming versions 
[0;33mwarn:[0m hook 'page' used by plugin 'gitbook-plugin-anchors' is deprecated, and will be removed in the coming versions 
[0;33mwarn:[0m hook 'page:before' used by plugin 'gitbook-plugin-redirect' is deprecated, and will be removed in the coming versions 
[0;33mwarn:[0m hook 'page' used by plugin 'gitbook-plugin-anchors' is deprecated, and will be removed in the coming versions 
[0;33mwarn:[0m hook 'page:before' used by plugin 'gitbook-plugin-redirect' is deprecated, and will be removed in the coming versions 
[0;33mwarn:[0m hook 'page' used by plugin 'gitbook-plugin-anchors' is deprecated, and will be removed in the coming versions 
[0;33mwarn:[0m hook 'page:before' used by plugin 'gitbook-plugin-redirect' is deprecated, and will be removed in the coming versions 
[0;33mwarn:[0m hook 'page' used by plugin 'gitbook-plugin-anchors' is deprecated, and will be removed in the coming versions 
[0;33mwarn:[0m hook 'page:before' used by plugin 'gitbook-plugin-redirect' is deprecated, and will be removed in the coming versions 
[0;33mwarn:[0m hook 'page' used by plugin 'gitbook-plugin-anchors' is deprecated, and will be removed in the coming versions 
[0;33mwarn:[0m hook 'page:before' used by plugin 'gitbook-plugin-redirect' is deprecated, and will be removed in the coming versions 
[0;33mwarn:[0m hook 'page' used by plugin 'gitbook-plugin-anchors' is deprecated, and will be removed in the coming versions 
[0;33mwarn:[0m hook 'page:before' used by plugin 'gitbook-plugin-redirect' is deprecated, and will be removed in the coming versions 
[0;33mwarn:[0m hook 'page' used by plugin 'gitbook-plugin-anchors' is deprecated, and will be removed in the coming versions 
[0;33mwarn:[0m hook 'page:before' used by plugin 'gitbook-plugin-redirect' is deprecated, and will be removed in the coming versions 
[0;33mwarn:[0m hook 'page' used by plugin 'gitbook-plugin-anchors' is deprecated, and will be removed in the coming versions 
[0;33mwarn:[0m hook 'page:before' used by plugin 'gitbook-plugin-redirect' is deprecated, and will be removed in the coming versions 
[0;33mwarn:[0m hook 'page' used by plugin 'gitbook-plugin-anchors' is deprecated, and will be removed in the coming versions 
[0;33mwarn:[0m hook 'page:before' used by plugin 'gitbook-plugin-redirect' is deprecated, and will be removed in the coming versions 
[0;33mwarn:[0m hook 'page' used by plugin 'gitbook-plugin-anchors' is deprecated, and will be removed in the coming versions 
[0;33mwarn:[0m hook 'page:before' used by plugin 'gitbook-plugin-redirect' is deprecated, and will be removed in the coming versions 
[0;33mwarn:[0m hook 'page' used by plugin 'gitbook-plugin-anchors' is deprecated, and will be removed in the coming versions 
[0;33mwarn:[0m hook 'page:before' used by plugin 'gitbook-plugin-redirect' is deprecated, and will be removed in the coming versions 
[0;33mwarn:[0m hook 'page' used by plugin 'gitbook-plugin-anchors' is deprecated, and will be removed in the coming versions 
[0;33mwarn:[0m hook 'page:before' used by plugin 'gitbook-plugin-redirect' is deprecated, and will be removed in the coming versions 
[0;33mwarn:[0m hook 'page' used by plugin 'gitbook-plugin-anchors' is deprecated, and will be removed in the coming versions 
[0;33mwarn:[0m hook 'page:before' used by plugin 'gitbook-plugin-redirect' is deprecated, and will be removed in the coming versions 
[0;33mwarn:[0m hook 'page' used by plugin 'gitbook-plugin-anchors' is deprecated, and will be removed in the coming versions 
[0;33mwarn:[0m hook 'page:before' used by plugin 'gitbook-plugin-redirect' is deprecated, and will be removed in the coming versions 
[0;33mwarn:[0m hook 'page' used by plugin 'gitbook-plugin-anchors' is deprecated, and will be removed in the coming versions 
[0;33mwarn:[0m hook 'page:before' used by plugin 'gitbook-plugin-redirect' is deprecated, and will be removed in the coming versions 
[0;33mwarn:[0m hook 'page' used by plugin 'gitbook-plugin-anchors' is deprecated, and will be removed in the coming versions 
[0;33mwarn:[0m hook 'page:before' used by plugin 'gitbook-plugin-redirect' is deprecated, and will be removed in the coming versions 
[0;33mwarn:[0m hook 'page' used by plugin 'gitbook-plugin-anchors' is deprecated, and will be removed in the coming versions 
[0;33mwarn:[0m hook 'page:before' used by plugin 'gitbook-plugin-redirect' is deprecated, and will be removed in the coming versions 
[0;33mwarn:[0m hook 'page' used by plugin 'gitbook-plugin-anchors' is deprecated, and will be removed in the coming versions 
[0;33mwarn:[0m hook 'page:before' used by plugin 'gitbook-plugin-redirect' is deprecated, and will be removed in the coming versions 
[0;33mwarn:[0m hook 'page' used by plugin 'gitbook-plugin-anchors' is deprecated, and will be removed in the coming versions 
[0;33mwarn:[0m hook 'page:before' used by plugin 'gitbook-plugin-redirect' is deprecated, and will be removed in the coming versions 
[0;33mwarn:[0m hook 'page' used by plugin 'gitbook-plugin-anchors' is deprecated, and will be removed in the coming versions 
[0;33mwarn:[0m hook 'page:before' used by plugin 'gitbook-plugin-redirect' is deprecated, and will be removed in the coming versions 
[0;33mwarn:[0m hook 'page' used by plugin 'gitbook-plugin-anchors' is deprecated, and will be removed in the coming versions 
[0;33mwarn:[0m hook 'page:before' used by plugin 'gitbook-plugin-redirect' is deprecated, and will be removed in the coming versions 
[0;33mwarn:[0m hook 'page' used by plugin 'gitbook-plugin-anchors' is deprecated, and will be removed in the coming versions 
[0;36minfo:[0m generation is finished 

[0;32mDone, without error[0m
npm run-script minify

> gocd-docs@1.0.0 minify /var/snap-ci/repo
> grunt

[4mRunning "cssmin:dist" (cssmin) task[24m
[31m>> [39mNo files created.

[32mDone, without errors.[39m
Command [32mrake build[0m exited successfully with status 0.
Took 15.69 seconds.

$ [32mif [ -d node_modules ]; then sudo mv -f node_modules ${SNAP_CACHE_DIR}/; sudo chown -R --no-dereference go:go ${SNAP_CACHE_DIR}/node_modules; fi[0m
Command [32mif [ -d node_modules ]; then sudo mv -f node_modules ${SNAP_CACHE_DIR}/; sudo chown -R --no-dereference go:go ${SNAP_CACHE_DIR}/node_modules; fi[0m exited successfully with status 0.
Took 0.0425 seconds.

Saving console log for later
